#-----------------------------------------------------------
# Vivado v2020.1 (64-bit)
# SW Build 2902540 on Wed May 27 19:54:35 MDT 2020
# IP Build 2902112 on Wed May 27 22:43:36 MDT 2020
# Start of session at: Wed Mar 19 06:25:12 2025
# Process ID: 15160
# Current directory: /home/atomichan/workspaces/RedPitaya-FPGA
# Command line: vivado
# Log file: /home/atomichan/workspaces/RedPitaya-FPGA/vivado.log
# Journal file: /home/atomichan/workspaces/RedPitaya-FPGA/vivado.jou
#-----------------------------------------------------------
start_gui
open_project /home/atomichan/workspaces/RedPitaya-FPGA/prj/logic/project/redpitaya.xpr
Scanning sources...
Finished scanning sources
INFO: [IP_Flow 19-234] Refreshing IP repositories
INFO: [IP_Flow 19-1704] No user IP repositories specified
INFO: [IP_Flow 19-2313] Loaded Vivado IP repository '/home/atomichan/Xilinx/Vivado/2020.1/data/ip'.
open_project: Time (s): cpu = 00:00:36 ; elapsed = 00:00:13 . Memory (MB): peak = 7042.809 ; gain = 33.070 ; free physical = 5169 ; free virtual = 8710
update_compile_order -fileset sources_1
reset_run impl_1 -prev_step 
launch_runs impl_1 -to_step write_bitstream -jobs 4 -scripts_only
reset_run synth_1
launch_runs impl_1 -to_step write_bitstream -jobs 4
[Wed Mar 19 06:30:31 2025] Launched synth_1...
Run output will be captured here: /home/atomichan/workspaces/RedPitaya-FPGA/prj/logic/project/redpitaya.runs/synth_1/runme.log
[Wed Mar 19 06:30:32 2025] Launched impl_1...
Run output will be captured here: /home/atomichan/workspaces/RedPitaya-FPGA/prj/logic/project/redpitaya.runs/impl_1/runme.log
reset_run synth_1
launch_runs synth_1 -jobs 4
[Wed Mar 19 06:34:24 2025] Launched synth_1...
Run output will be captured here: /home/atomichan/workspaces/RedPitaya-FPGA/prj/logic/project/redpitaya.runs/synth_1/runme.log
launch_runs impl_1 -jobs 4
[Wed Mar 19 06:36:02 2025] Launched impl_1...
Run output will be captured here: /home/atomichan/workspaces/RedPitaya-FPGA/prj/logic/project/redpitaya.runs/impl_1/runme.log
reset_run synth_1
launch_runs synth_1 -jobs 4
[Wed Mar 19 06:37:40 2025] Launched synth_1...
Run output will be captured here: /home/atomichan/workspaces/RedPitaya-FPGA/prj/logic/project/redpitaya.runs/synth_1/runme.log
launch_runs impl_1 -jobs 4
[Wed Mar 19 06:39:24 2025] Launched impl_1...
Run output will be captured here: /home/atomichan/workspaces/RedPitaya-FPGA/prj/logic/project/redpitaya.runs/impl_1/runme.log
update_compile_order -fileset sources_1
update_compile_order -fileset sources_1
open_run impl_1
INFO: [Device 21-403] Loading part xc7z010clg400-1
Netlist sorting complete. Time (s): cpu = 00:00:00.52 ; elapsed = 00:00:00.53 . Memory (MB): peak = 7708.133 ; gain = 0.000 ; free physical = 4492 ; free virtual = 8101
INFO: [Netlist 29-17] Analyzing 635 Unisim elements for replacement
INFO: [Netlist 29-28] Unisim Transformation completed in 0 CPU seconds
INFO: [Project 1-479] Netlist was created with Vivado 2020.1
INFO: [Project 1-570] Preparing netlist for logic optimization
INFO: [Timing 38-478] Restoring timing data from binary archive.
INFO: [Timing 38-479] Binary timing data restore complete.
INFO: [Project 1-856] Restoring constraints from binary archive.
INFO: [Project 1-853] Binary constraint restore complete.
Reading XDEF placement.
Reading placer database...
Reading XDEF routing.
Read XDEF File: Time (s): cpu = 00:00:02 ; elapsed = 00:00:02 . Memory (MB): peak = 7766.492 ; gain = 14.961 ; free physical = 3855 ; free virtual = 7464
Restored from archive | CPU: 1.930000 secs | Memory: 28.561897 MB |
Finished XDEF File Restore: Time (s): cpu = 00:00:02 ; elapsed = 00:00:02 . Memory (MB): peak = 7766.492 ; gain = 14.961 ; free physical = 3855 ; free virtual = 7464
Netlist sorting complete. Time (s): cpu = 00:00:00.01 ; elapsed = 00:00:00.01 . Memory (MB): peak = 7766.492 ; gain = 0.000 ; free physical = 3859 ; free virtual = 7469
INFO: [Project 1-111] Unisim Transformation Summary:
  A total of 31 instances were transformed.
  IOBUF => IOBUF (IBUF, OBUFT): 8 instances
  RAM32M => RAM32M (RAMD32(x6), RAMS32(x2)): 18 instances
  RAM32X1D => RAM32X1D (RAMD32(x2)): 5 instances

open_run: Time (s): cpu = 00:00:37 ; elapsed = 00:00:29 . Memory (MB): peak = 7972.684 ; gain = 264.551 ; free physical = 3645 ; free virtual = 7259
open_report: Time (s): cpu = 00:00:17 ; elapsed = 00:00:10 . Memory (MB): peak = 7989.164 ; gain = 0.000 ; free physical = 3531 ; free virtual = 7146
CRITICAL WARNING: [Timing 38-282] The design failed to meet the timing requirements. Please see the timing summary report for details on the timing violations.
WARNING: [Timing 38-436] There are set_bus_skew constraint(s) in this design. Please run report_bus_skew to ensure that bus skew requirements are met.
reset_run synth_1
launch_runs impl_1 -to_step write_bitstream -jobs 4
[Wed Mar 19 06:47:32 2025] Launched synth_1...
Run output will be captured here: /home/atomichan/workspaces/RedPitaya-FPGA/prj/logic/project/redpitaya.runs/synth_1/runme.log
[Wed Mar 19 06:47:32 2025] Launched impl_1...
Run output will be captured here: /home/atomichan/workspaces/RedPitaya-FPGA/prj/logic/project/redpitaya.runs/impl_1/runme.log
reset_run synth_1
launch_runs impl_1 -jobs 4
[Wed Mar 19 07:04:25 2025] Launched synth_1...
Run output will be captured here: /home/atomichan/workspaces/RedPitaya-FPGA/prj/logic/project/redpitaya.runs/synth_1/runme.log
[Wed Mar 19 07:04:25 2025] Launched impl_1...
Run output will be captured here: /home/atomichan/workspaces/RedPitaya-FPGA/prj/logic/project/redpitaya.runs/impl_1/runme.log
reset_run impl_1
launch_runs impl_1 -jobs 4
[Wed Mar 19 07:08:42 2025] Launched impl_1...
Run output will be captured here: /home/atomichan/workspaces/RedPitaya-FPGA/prj/logic/project/redpitaya.runs/impl_1/runme.log
close_design
reset_run synth_1
launch_runs impl_1 -jobs 4
[Wed Mar 19 07:17:44 2025] Launched synth_1...
Run output will be captured here: /home/atomichan/workspaces/RedPitaya-FPGA/prj/logic/project/redpitaya.runs/synth_1/runme.log
[Wed Mar 19 07:17:44 2025] Launched impl_1...
Run output will be captured here: /home/atomichan/workspaces/RedPitaya-FPGA/prj/logic/project/redpitaya.runs/impl_1/runme.log
launch_runs impl_1 -to_step write_bitstream -jobs 4
[Wed Mar 19 07:26:15 2025] Launched impl_1...
Run output will be captured here: /home/atomichan/workspaces/RedPitaya-FPGA/prj/logic/project/redpitaya.runs/impl_1/runme.log
exit
INFO: [Common 17-206] Exiting Vivado at Wed Mar 19 07:37:09 2025...
