#-----------------------------------------------------------
# Vivado v2020.1 (64-bit)
# SW Build 2902540 on Wed May 27 19:54:35 MDT 2020
# IP Build 2902112 on Wed May 27 22:43:36 MDT 2020
# Start of session at: Wed Mar 19 05:23:49 2025
# Process ID: 115
# Current directory: /home/atomichan/workspaces/RedPitaya-FPGA
# Command line: vivado
# Log file: /home/atomichan/workspaces/RedPitaya-FPGA/vivado.log
# Journal file: /home/atomichan/workspaces/RedPitaya-FPGA/vivado.jou
#-----------------------------------------------------------
start_gui
open_project /home/atomichan/workspaces/RedPitaya-FPGA/prj/logic/project/redpitaya.xpr
Scanning sources...
Finished scanning sources
INFO: [IP_Flow 19-234] Refreshing IP repositories
INFO: [IP_Flow 19-1704] No user IP repositories specified
INFO: [IP_Flow 19-2313] Loaded Vivado IP repository '/home/atomichan/Xilinx/Vivado/2020.1/data/ip'.
open_project: Time (s): cpu = 00:00:22 ; elapsed = 00:00:12 . Memory (MB): peak = 7028.867 ; gain = 23.035 ; free physical = 5598 ; free virtual = 8829
update_compile_order -fileset sources_1
launch_runs synth_1 -jobs 4
[Wed Mar 19 05:42:40 2025] Launched system_s03_mmu_0_synth_1, system_s02_mmu_0_synth_1, system_s01_mmu_0_synth_1, system_s00_mmu_0_synth_1, system_auto_pc_5_synth_1, system_xbar_5_synth_1, system_auto_pc_4_synth_1, system_auto_us_1_synth_1, system_xbar_4_synth_1, system_auto_pc_3_synth_1, system_auto_us_0_synth_1, system_xbar_3_synth_1, system_xbar_0_synth_1, system_axi_dma_1_0_synth_1, system_axi_dma_0_0_synth_1, system_axi_dma_2_0_synth_1, system_xbar_2_synth_1, system_axi_dma_3_0_synth_1, system_auto_pc_0_synth_1, system_auto_pc_2_synth_1, system_auto_pc_1_synth_1, system_xbar_1_synth_1, system_axis_clock_converter_6_0_synth_1, system_axis_data_fifo_2_0_synth_1, system_axis_clock_converter_2_0_synth_1, system_axis_data_fifo_6_0_synth_1, system_proc_sys_reset_0_synth_1, system_processing_system7_0_synth_1, system_xadc_0_synth_1...
Run output will be captured here:
system_s03_mmu_0_synth_1: /home/atomichan/workspaces/RedPitaya-FPGA/prj/logic/project/redpitaya.runs/system_s03_mmu_0_synth_1/runme.log
system_s02_mmu_0_synth_1: /home/atomichan/workspaces/RedPitaya-FPGA/prj/logic/project/redpitaya.runs/system_s02_mmu_0_synth_1/runme.log
system_s01_mmu_0_synth_1: /home/atomichan/workspaces/RedPitaya-FPGA/prj/logic/project/redpitaya.runs/system_s01_mmu_0_synth_1/runme.log
system_s00_mmu_0_synth_1: /home/atomichan/workspaces/RedPitaya-FPGA/prj/logic/project/redpitaya.runs/system_s00_mmu_0_synth_1/runme.log
system_auto_pc_5_synth_1: /home/atomichan/workspaces/RedPitaya-FPGA/prj/logic/project/redpitaya.runs/system_auto_pc_5_synth_1/runme.log
system_xbar_5_synth_1: /home/atomichan/workspaces/RedPitaya-FPGA/prj/logic/project/redpitaya.runs/system_xbar_5_synth_1/runme.log
system_auto_pc_4_synth_1: /home/atomichan/workspaces/RedPitaya-FPGA/prj/logic/project/redpitaya.runs/system_auto_pc_4_synth_1/runme.log
system_auto_us_1_synth_1: /home/atomichan/workspaces/RedPitaya-FPGA/prj/logic/project/redpitaya.runs/system_auto_us_1_synth_1/runme.log
system_xbar_4_synth_1: /home/atomichan/workspaces/RedPitaya-FPGA/prj/logic/project/redpitaya.runs/system_xbar_4_synth_1/runme.log
system_auto_pc_3_synth_1: /home/atomichan/workspaces/RedPitaya-FPGA/prj/logic/project/redpitaya.runs/system_auto_pc_3_synth_1/runme.log
system_auto_us_0_synth_1: /home/atomichan/workspaces/RedPitaya-FPGA/prj/logic/project/redpitaya.runs/system_auto_us_0_synth_1/runme.log
system_xbar_3_synth_1: /home/atomichan/workspaces/RedPitaya-FPGA/prj/logic/project/redpitaya.runs/system_xbar_3_synth_1/runme.log
system_xbar_0_synth_1: /home/atomichan/workspaces/RedPitaya-FPGA/prj/logic/project/redpitaya.runs/system_xbar_0_synth_1/runme.log
system_axi_dma_1_0_synth_1: /home/atomichan/workspaces/RedPitaya-FPGA/prj/logic/project/redpitaya.runs/system_axi_dma_1_0_synth_1/runme.log
system_axi_dma_0_0_synth_1: /home/atomichan/workspaces/RedPitaya-FPGA/prj/logic/project/redpitaya.runs/system_axi_dma_0_0_synth_1/runme.log
system_axi_dma_2_0_synth_1: /home/atomichan/workspaces/RedPitaya-FPGA/prj/logic/project/redpitaya.runs/system_axi_dma_2_0_synth_1/runme.log
system_xbar_2_synth_1: /home/atomichan/workspaces/RedPitaya-FPGA/prj/logic/project/redpitaya.runs/system_xbar_2_synth_1/runme.log
system_axi_dma_3_0_synth_1: /home/atomichan/workspaces/RedPitaya-FPGA/prj/logic/project/redpitaya.runs/system_axi_dma_3_0_synth_1/runme.log
system_auto_pc_0_synth_1: /home/atomichan/workspaces/RedPitaya-FPGA/prj/logic/project/redpitaya.runs/system_auto_pc_0_synth_1/runme.log
system_auto_pc_2_synth_1: /home/atomichan/workspaces/RedPitaya-FPGA/prj/logic/project/redpitaya.runs/system_auto_pc_2_synth_1/runme.log
system_auto_pc_1_synth_1: /home/atomichan/workspaces/RedPitaya-FPGA/prj/logic/project/redpitaya.runs/system_auto_pc_1_synth_1/runme.log
system_xbar_1_synth_1: /home/atomichan/workspaces/RedPitaya-FPGA/prj/logic/project/redpitaya.runs/system_xbar_1_synth_1/runme.log
system_axis_clock_converter_6_0_synth_1: /home/atomichan/workspaces/RedPitaya-FPGA/prj/logic/project/redpitaya.runs/system_axis_clock_converter_6_0_synth_1/runme.log
system_axis_data_fifo_2_0_synth_1: /home/atomichan/workspaces/RedPitaya-FPGA/prj/logic/project/redpitaya.runs/system_axis_data_fifo_2_0_synth_1/runme.log
system_axis_clock_converter_2_0_synth_1: /home/atomichan/workspaces/RedPitaya-FPGA/prj/logic/project/redpitaya.runs/system_axis_clock_converter_2_0_synth_1/runme.log
system_axis_data_fifo_6_0_synth_1: /home/atomichan/workspaces/RedPitaya-FPGA/prj/logic/project/redpitaya.runs/system_axis_data_fifo_6_0_synth_1/runme.log
system_proc_sys_reset_0_synth_1: /home/atomichan/workspaces/RedPitaya-FPGA/prj/logic/project/redpitaya.runs/system_proc_sys_reset_0_synth_1/runme.log
system_processing_system7_0_synth_1: /home/atomichan/workspaces/RedPitaya-FPGA/prj/logic/project/redpitaya.runs/system_processing_system7_0_synth_1/runme.log
system_xadc_0_synth_1: /home/atomichan/workspaces/RedPitaya-FPGA/prj/logic/project/redpitaya.runs/system_xadc_0_synth_1/runme.log
[Wed Mar 19 05:42:50 2025] Launched synth_1...
Run output will be captured here: /home/atomichan/workspaces/RedPitaya-FPGA/prj/logic/project/redpitaya.runs/synth_1/runme.log
launch_runs: Time (s): cpu = 00:00:44 ; elapsed = 00:00:25 . Memory (MB): peak = 7620.152 ; gain = 177.953 ; free physical = 5117 ; free virtual = 8370
reset_run synth_1
launch_runs impl_1 -to_step write_bitstream -jobs 4 -remote_cmd {ssh -q -o BatchMode=yes}
[Wed Mar 19 06:14:35 2025] Launched synth_1...
Run output will be captured here: /home/atomichan/workspaces/RedPitaya-FPGA/prj/logic/project/redpitaya.runs/synth_1/runme.log
[Wed Mar 19 06:14:36 2025] Launched impl_1...
Run output will be captured here: /home/atomichan/workspaces/RedPitaya-FPGA/prj/logic/project/redpitaya.runs/impl_1/runme.log
reset_run impl_1
launch_runs impl_1 -jobs 4
[Wed Mar 19 06:19:38 2025] Launched impl_1...
Run output will be captured here: /home/atomichan/workspaces/RedPitaya-FPGA/prj/logic/project/redpitaya.runs/impl_1/runme.log
exit
INFO: [Common 17-206] Exiting Vivado at Wed Mar 19 06:22:18 2025...
