
*** Running vivado
    with args -log system_processing_system7_0.vds -m64 -product Vivado -mode batch -messageDb vivado.pb -notrace -source system_processing_system7_0.tcl


****** Vivado v2020.1 (64-bit)
  **** SW Build 2902540 on Wed May 27 19:54:35 MDT 2020
  **** IP Build 2902112 on Wed May 27 22:43:36 MDT 2020
    ** Copyright 1986-2020 Xilinx, Inc. All Rights Reserved.

source system_processing_system7_0.tcl -notrace
Command: synth_design -top system_processing_system7_0 -part xc7z010clg400-1 -mode out_of_context
Starting synth_design
Attempting to get a license for feature 'Synthesis' and/or device 'xc7z010'
INFO: [Common 17-349] Got license for feature 'Synthesis' and/or device 'xc7z010'
INFO: [Device 21-403] Loading part xc7z010clg400-1
INFO: [Synth 8-7079] Multithreading enabled for synth_design using a maximum of 4 processes.
INFO: [Synth 8-7078] Launching helper process for spawning children vivado processes
INFO: [Synth 8-7075] Helper process launched with PID 6362
---------------------------------------------------------------------------------
Starting RTL Elaboration : Time (s): cpu = 00:00:08 ; elapsed = 00:00:10 . Memory (MB): peak = 2083.820 ; gain = 0.000 ; free physical = 2675 ; free virtual = 5845
---------------------------------------------------------------------------------
INFO: [Synth 8-6157] synthesizing module 'system_processing_system7_0' [/home/atomichan/workspaces/RedPitaya-FPGA/prj/logic/project/redpitaya.srcs/sources_1/bd/system/ip/system_processing_system7_0/synth/system_processing_system7_0.v:60]
INFO: [Synth 8-6157] synthesizing module 'processing_system7_v5_5_processing_system7' [/home/atomichan/workspaces/RedPitaya-FPGA/prj/logic/project/redpitaya.srcs/sources_1/bd/system/ip/system_processing_system7_0/hdl/verilog/processing_system7_v5_5_processing_system7.v:162]
	Parameter C_USE_DEFAULT_ACP_USER_VAL bound to: 0 - type: integer 
	Parameter C_S_AXI_ACP_ARUSER_VAL bound to: 31 - type: integer 
	Parameter C_S_AXI_ACP_AWUSER_VAL bound to: 31 - type: integer 
	Parameter C_M_AXI_GP0_THREAD_ID_WIDTH bound to: 12 - type: integer 
	Parameter C_M_AXI_GP1_THREAD_ID_WIDTH bound to: 12 - type: integer 
	Parameter C_M_AXI_GP0_ENABLE_STATIC_REMAP bound to: 0 - type: integer 
	Parameter C_M_AXI_GP1_ENABLE_STATIC_REMAP bound to: 0 - type: integer 
	Parameter C_M_AXI_GP0_ID_WIDTH bound to: 12 - type: integer 
	Parameter C_M_AXI_GP1_ID_WIDTH bound to: 12 - type: integer 
	Parameter C_S_AXI_GP0_ID_WIDTH bound to: 6 - type: integer 
	Parameter C_S_AXI_GP1_ID_WIDTH bound to: 6 - type: integer 
	Parameter C_S_AXI_HP0_ID_WIDTH bound to: 6 - type: integer 
	Parameter C_S_AXI_HP1_ID_WIDTH bound to: 6 - type: integer 
	Parameter C_S_AXI_HP2_ID_WIDTH bound to: 6 - type: integer 
	Parameter C_S_AXI_HP3_ID_WIDTH bound to: 6 - type: integer 
	Parameter C_S_AXI_ACP_ID_WIDTH bound to: 3 - type: integer 
	Parameter C_S_AXI_HP0_DATA_WIDTH bound to: 64 - type: integer 
	Parameter C_S_AXI_HP1_DATA_WIDTH bound to: 64 - type: integer 
	Parameter C_S_AXI_HP2_DATA_WIDTH bound to: 64 - type: integer 
	Parameter C_S_AXI_HP3_DATA_WIDTH bound to: 64 - type: integer 
	Parameter C_INCLUDE_ACP_TRANS_CHECK bound to: 0 - type: integer 
	Parameter C_NUM_F2P_INTR_INPUTS bound to: 16 - type: integer 
	Parameter C_FCLK_CLK0_BUF bound to: TRUE - type: string 
	Parameter C_FCLK_CLK1_BUF bound to: TRUE - type: string 
	Parameter C_FCLK_CLK2_BUF bound to: TRUE - type: string 
	Parameter C_FCLK_CLK3_BUF bound to: TRUE - type: string 
	Parameter C_EMIO_GPIO_WIDTH bound to: 24 - type: integer 
	Parameter C_INCLUDE_TRACE_BUFFER bound to: 0 - type: integer 
	Parameter C_TRACE_BUFFER_FIFO_SIZE bound to: 128 - type: integer 
	Parameter C_TRACE_BUFFER_CLOCK_DELAY bound to: 12 - type: integer 
	Parameter USE_TRACE_DATA_EDGE_DETECTOR bound to: 0 - type: integer 
	Parameter C_TRACE_PIPELINE_WIDTH bound to: 8 - type: integer 
	Parameter C_PS7_SI_REV bound to: PRODUCTION - type: string 
	Parameter C_EN_EMIO_ENET0 bound to: 0 - type: integer 
	Parameter C_EN_EMIO_ENET1 bound to: 0 - type: integer 
	Parameter C_EN_EMIO_TRACE bound to: 0 - type: integer 
	Parameter C_DQ_WIDTH bound to: 32 - type: integer 
	Parameter C_DQS_WIDTH bound to: 4 - type: integer 
	Parameter C_DM_WIDTH bound to: 4 - type: integer 
	Parameter C_MIO_PRIMITIVE bound to: 54 - type: integer 
	Parameter C_PACKAGE_NAME bound to: clg400 - type: string 
	Parameter C_IRQ_F2P_MODE bound to: DIRECT - type: string 
	Parameter C_TRACE_INTERNAL_WIDTH bound to: 2 - type: integer 
	Parameter C_EN_EMIO_PJTAG bound to: 0 - type: integer 
	Parameter C_USE_AXI_NONSECURE bound to: 0 - type: integer 
	Parameter C_USE_S_AXI_HP0 bound to: 1 - type: integer 
	Parameter C_USE_S_AXI_HP1 bound to: 1 - type: integer 
	Parameter C_USE_S_AXI_HP2 bound to: 1 - type: integer 
	Parameter C_USE_S_AXI_HP3 bound to: 1 - type: integer 
	Parameter C_USE_M_AXI_GP0 bound to: 1 - type: integer 
	Parameter C_USE_M_AXI_GP1 bound to: 1 - type: integer 
	Parameter C_USE_S_AXI_GP0 bound to: 1 - type: integer 
	Parameter C_USE_S_AXI_GP1 bound to: 0 - type: integer 
	Parameter C_USE_S_AXI_ACP bound to: 0 - type: integer 
	Parameter C_GP0_EN_MODIFIABLE_TXN bound to: 1 - type: integer 
	Parameter C_GP1_EN_MODIFIABLE_TXN bound to: 1 - type: integer 
INFO: [Synth 8-6157] synthesizing module 'BUFG' [/home/atomichan/Xilinx/Vivado/2020.1/scripts/rt/data/unisim_comp.v:1083]
INFO: [Synth 8-6155] done synthesizing module 'BUFG' (1#1) [/home/atomichan/Xilinx/Vivado/2020.1/scripts/rt/data/unisim_comp.v:1083]
INFO: [Synth 8-6157] synthesizing module 'BIBUF' [/home/atomichan/Xilinx/Vivado/2020.1/scripts/rt/data/unisim_comp.v:730]
INFO: [Synth 8-6155] done synthesizing module 'BIBUF' (2#1) [/home/atomichan/Xilinx/Vivado/2020.1/scripts/rt/data/unisim_comp.v:730]
INFO: [Synth 8-6157] synthesizing module 'PS7' [/home/atomichan/Xilinx/Vivado/2020.1/scripts/rt/data/unisim_comp.v:62027]
INFO: [Synth 8-6155] done synthesizing module 'PS7' (3#1) [/home/atomichan/Xilinx/Vivado/2020.1/scripts/rt/data/unisim_comp.v:62027]
INFO: [Synth 8-6155] done synthesizing module 'processing_system7_v5_5_processing_system7' (4#1) [/home/atomichan/workspaces/RedPitaya-FPGA/prj/logic/project/redpitaya.srcs/sources_1/bd/system/ip/system_processing_system7_0/hdl/verilog/processing_system7_v5_5_processing_system7.v:162]
WARNING: [Synth 8-7071] port 'M_AXI_GP0_ARESETN' of module 'processing_system7_v5_5_processing_system7' is unconnected for instance 'inst' [/home/atomichan/workspaces/RedPitaya-FPGA/prj/logic/project/redpitaya.srcs/sources_1/bd/system/ip/system_processing_system7_0/synth/system_processing_system7_0.v:1158]
WARNING: [Synth 8-7071] port 'M_AXI_GP1_ARESETN' of module 'processing_system7_v5_5_processing_system7' is unconnected for instance 'inst' [/home/atomichan/workspaces/RedPitaya-FPGA/prj/logic/project/redpitaya.srcs/sources_1/bd/system/ip/system_processing_system7_0/synth/system_processing_system7_0.v:1158]
WARNING: [Synth 8-7071] port 'S_AXI_GP0_ARESETN' of module 'processing_system7_v5_5_processing_system7' is unconnected for instance 'inst' [/home/atomichan/workspaces/RedPitaya-FPGA/prj/logic/project/redpitaya.srcs/sources_1/bd/system/ip/system_processing_system7_0/synth/system_processing_system7_0.v:1158]
WARNING: [Synth 8-7071] port 'S_AXI_GP1_ARESETN' of module 'processing_system7_v5_5_processing_system7' is unconnected for instance 'inst' [/home/atomichan/workspaces/RedPitaya-FPGA/prj/logic/project/redpitaya.srcs/sources_1/bd/system/ip/system_processing_system7_0/synth/system_processing_system7_0.v:1158]
WARNING: [Synth 8-7071] port 'S_AXI_ACP_ARESETN' of module 'processing_system7_v5_5_processing_system7' is unconnected for instance 'inst' [/home/atomichan/workspaces/RedPitaya-FPGA/prj/logic/project/redpitaya.srcs/sources_1/bd/system/ip/system_processing_system7_0/synth/system_processing_system7_0.v:1158]
WARNING: [Synth 8-7071] port 'S_AXI_HP0_ARESETN' of module 'processing_system7_v5_5_processing_system7' is unconnected for instance 'inst' [/home/atomichan/workspaces/RedPitaya-FPGA/prj/logic/project/redpitaya.srcs/sources_1/bd/system/ip/system_processing_system7_0/synth/system_processing_system7_0.v:1158]
WARNING: [Synth 8-7071] port 'S_AXI_HP1_ARESETN' of module 'processing_system7_v5_5_processing_system7' is unconnected for instance 'inst' [/home/atomichan/workspaces/RedPitaya-FPGA/prj/logic/project/redpitaya.srcs/sources_1/bd/system/ip/system_processing_system7_0/synth/system_processing_system7_0.v:1158]
WARNING: [Synth 8-7071] port 'S_AXI_HP2_ARESETN' of module 'processing_system7_v5_5_processing_system7' is unconnected for instance 'inst' [/home/atomichan/workspaces/RedPitaya-FPGA/prj/logic/project/redpitaya.srcs/sources_1/bd/system/ip/system_processing_system7_0/synth/system_processing_system7_0.v:1158]
WARNING: [Synth 8-7071] port 'S_AXI_HP3_ARESETN' of module 'processing_system7_v5_5_processing_system7' is unconnected for instance 'inst' [/home/atomichan/workspaces/RedPitaya-FPGA/prj/logic/project/redpitaya.srcs/sources_1/bd/system/ip/system_processing_system7_0/synth/system_processing_system7_0.v:1158]
WARNING: [Synth 8-7071] port 'DMA0_RSTN' of module 'processing_system7_v5_5_processing_system7' is unconnected for instance 'inst' [/home/atomichan/workspaces/RedPitaya-FPGA/prj/logic/project/redpitaya.srcs/sources_1/bd/system/ip/system_processing_system7_0/synth/system_processing_system7_0.v:1158]
WARNING: [Synth 8-7071] port 'DMA1_RSTN' of module 'processing_system7_v5_5_processing_system7' is unconnected for instance 'inst' [/home/atomichan/workspaces/RedPitaya-FPGA/prj/logic/project/redpitaya.srcs/sources_1/bd/system/ip/system_processing_system7_0/synth/system_processing_system7_0.v:1158]
WARNING: [Synth 8-7071] port 'DMA2_RSTN' of module 'processing_system7_v5_5_processing_system7' is unconnected for instance 'inst' [/home/atomichan/workspaces/RedPitaya-FPGA/prj/logic/project/redpitaya.srcs/sources_1/bd/system/ip/system_processing_system7_0/synth/system_processing_system7_0.v:1158]
WARNING: [Synth 8-7071] port 'DMA3_RSTN' of module 'processing_system7_v5_5_processing_system7' is unconnected for instance 'inst' [/home/atomichan/workspaces/RedPitaya-FPGA/prj/logic/project/redpitaya.srcs/sources_1/bd/system/ip/system_processing_system7_0/synth/system_processing_system7_0.v:1158]
WARNING: [Synth 8-7023] instance 'inst' of module 'processing_system7_v5_5_processing_system7' has 685 connections declared, but only 672 given [/home/atomichan/workspaces/RedPitaya-FPGA/prj/logic/project/redpitaya.srcs/sources_1/bd/system/ip/system_processing_system7_0/synth/system_processing_system7_0.v:1158]
INFO: [Synth 8-6155] done synthesizing module 'system_processing_system7_0' (5#1) [/home/atomichan/workspaces/RedPitaya-FPGA/prj/logic/project/redpitaya.srcs/sources_1/bd/system/ip/system_processing_system7_0/synth/system_processing_system7_0.v:60]
---------------------------------------------------------------------------------
Finished RTL Elaboration : Time (s): cpu = 00:00:10 ; elapsed = 00:00:13 . Memory (MB): peak = 2083.820 ; gain = 0.000 ; free physical = 3560 ; free virtual = 6731
---------------------------------------------------------------------------------
---------------------------------------------------------------------------------
Start Handling Custom Attributes
---------------------------------------------------------------------------------
---------------------------------------------------------------------------------
Finished Handling Custom Attributes : Time (s): cpu = 00:00:11 ; elapsed = 00:00:14 . Memory (MB): peak = 2083.820 ; gain = 0.000 ; free physical = 3547 ; free virtual = 6718
---------------------------------------------------------------------------------
---------------------------------------------------------------------------------
Finished RTL Optimization Phase 1 : Time (s): cpu = 00:00:11 ; elapsed = 00:00:14 . Memory (MB): peak = 2083.820 ; gain = 0.000 ; free physical = 3547 ; free virtual = 6718
---------------------------------------------------------------------------------
Netlist sorting complete. Time (s): cpu = 00:00:00.05 ; elapsed = 00:00:00.05 . Memory (MB): peak = 2083.820 ; gain = 0.000 ; free physical = 3091 ; free virtual = 6262
INFO: [Project 1-570] Preparing netlist for logic optimization

Processing XDC Constraints
Initializing timing engine
Parsing XDC File [/home/atomichan/workspaces/RedPitaya-FPGA/prj/logic/project/redpitaya.srcs/sources_1/bd/system/ip/system_processing_system7_0/system_processing_system7_0.xdc] for cell 'inst'
Finished Parsing XDC File [/home/atomichan/workspaces/RedPitaya-FPGA/prj/logic/project/redpitaya.srcs/sources_1/bd/system/ip/system_processing_system7_0/system_processing_system7_0.xdc] for cell 'inst'
INFO: [Project 1-236] Implementation specific constraints were found while reading constraint file [/home/atomichan/workspaces/RedPitaya-FPGA/prj/logic/project/redpitaya.srcs/sources_1/bd/system/ip/system_processing_system7_0/system_processing_system7_0.xdc]. These constraints will be ignored for synthesis but will be used in implementation. Impacted constraints are listed in the file [.Xil/system_processing_system7_0_propImpl.xdc].
Resolution: To avoid this warning, move constraints listed in [.Xil/system_processing_system7_0_propImpl.xdc] to another XDC file and exclude this new file from synthesis with the used_in_synthesis property (File Properties dialog in GUI) and re-run elaboration/synthesis.
Parsing XDC File [/home/atomichan/workspaces/RedPitaya-FPGA/prj/logic/project/redpitaya.runs/system_processing_system7_0_synth_1/dont_touch.xdc]
Finished Parsing XDC File [/home/atomichan/workspaces/RedPitaya-FPGA/prj/logic/project/redpitaya.runs/system_processing_system7_0_synth_1/dont_touch.xdc]
Completed Processing XDC Constraints

Netlist sorting complete. Time (s): cpu = 00:00:00 ; elapsed = 00:00:00 . Memory (MB): peak = 2147.789 ; gain = 0.000 ; free physical = 4133 ; free virtual = 7306
INFO: [Project 1-111] Unisim Transformation Summary:
No Unisim elements were transformed.

Constraint Validation Runtime : Time (s): cpu = 00:00:00.13 ; elapsed = 00:00:00.16 . Memory (MB): peak = 2147.789 ; gain = 0.000 ; free physical = 4133 ; free virtual = 7306
---------------------------------------------------------------------------------
Finished Constraint Validation : Time (s): cpu = 00:00:24 ; elapsed = 00:00:28 . Memory (MB): peak = 2147.789 ; gain = 63.969 ; free physical = 3810 ; free virtual = 6982
---------------------------------------------------------------------------------
---------------------------------------------------------------------------------
Start Loading Part and Timing Information
---------------------------------------------------------------------------------
Loading part: xc7z010clg400-1
---------------------------------------------------------------------------------
Finished Loading Part and Timing Information : Time (s): cpu = 00:00:24 ; elapsed = 00:00:28 . Memory (MB): peak = 2147.789 ; gain = 63.969 ; free physical = 3809 ; free virtual = 6982
---------------------------------------------------------------------------------
---------------------------------------------------------------------------------
Start Applying 'set_property' XDC Constraints
---------------------------------------------------------------------------------
Applied set_property DONT_TOUCH = true for inst. (constraint file  /home/atomichan/workspaces/RedPitaya-FPGA/prj/logic/project/redpitaya.runs/system_processing_system7_0_synth_1/dont_touch.xdc, line 9).
---------------------------------------------------------------------------------
Finished applying 'set_property' XDC Constraints : Time (s): cpu = 00:00:24 ; elapsed = 00:00:29 . Memory (MB): peak = 2147.789 ; gain = 63.969 ; free physical = 3646 ; free virtual = 6819
---------------------------------------------------------------------------------
---------------------------------------------------------------------------------
Finished RTL Optimization Phase 2 : Time (s): cpu = 00:00:25 ; elapsed = 00:00:30 . Memory (MB): peak = 2147.789 ; gain = 63.969 ; free physical = 4264 ; free virtual = 7438
---------------------------------------------------------------------------------
---------------------------------------------------------------------------------
Start RTL Component Statistics 
---------------------------------------------------------------------------------
Detailed RTL Component Info : 
---------------------------------------------------------------------------------
Finished RTL Component Statistics 
---------------------------------------------------------------------------------
---------------------------------------------------------------------------------
Start Part Resource Summary
---------------------------------------------------------------------------------
Part Resources:
DSPs: 80 (col length:40)
BRAMs: 120 (col length: RAMB18 40 RAMB36 20)
---------------------------------------------------------------------------------
Finished Part Resource Summary
---------------------------------------------------------------------------------
---------------------------------------------------------------------------------
Start Cross Boundary and Area Optimization
---------------------------------------------------------------------------------
---------------------------------------------------------------------------------
Finished Cross Boundary and Area Optimization : Time (s): cpu = 00:00:26 ; elapsed = 00:00:31 . Memory (MB): peak = 2147.789 ; gain = 63.969 ; free physical = 4212 ; free virtual = 7390
---------------------------------------------------------------------------------
---------------------------------------------------------------------------------
Start Applying XDC Timing Constraints
---------------------------------------------------------------------------------
---------------------------------------------------------------------------------
Finished Applying XDC Timing Constraints : Time (s): cpu = 00:00:36 ; elapsed = 00:00:42 . Memory (MB): peak = 2232.773 ; gain = 148.953 ; free physical = 3522 ; free virtual = 6700
---------------------------------------------------------------------------------
---------------------------------------------------------------------------------
Start Timing Optimization
---------------------------------------------------------------------------------
---------------------------------------------------------------------------------
Finished Timing Optimization : Time (s): cpu = 00:00:36 ; elapsed = 00:00:42 . Memory (MB): peak = 2251.781 ; gain = 167.961 ; free physical = 3497 ; free virtual = 6675
---------------------------------------------------------------------------------
---------------------------------------------------------------------------------
Start Technology Mapping
---------------------------------------------------------------------------------
---------------------------------------------------------------------------------
Finished Technology Mapping : Time (s): cpu = 00:00:38 ; elapsed = 00:00:44 . Memory (MB): peak = 2267.797 ; gain = 183.977 ; free physical = 2977 ; free virtual = 6155
---------------------------------------------------------------------------------
---------------------------------------------------------------------------------
Start IO Insertion
---------------------------------------------------------------------------------
---------------------------------------------------------------------------------
Start Flattening Before IO Insertion
---------------------------------------------------------------------------------
---------------------------------------------------------------------------------
Finished Flattening Before IO Insertion
---------------------------------------------------------------------------------
---------------------------------------------------------------------------------
Start Final Netlist Cleanup
---------------------------------------------------------------------------------
---------------------------------------------------------------------------------
Finished Final Netlist Cleanup
---------------------------------------------------------------------------------
---------------------------------------------------------------------------------
Finished IO Insertion : Time (s): cpu = 00:00:43 ; elapsed = 00:00:49 . Memory (MB): peak = 2270.766 ; gain = 186.945 ; free physical = 3286 ; free virtual = 6465
---------------------------------------------------------------------------------
---------------------------------------------------------------------------------
Start Renaming Generated Instances
---------------------------------------------------------------------------------
---------------------------------------------------------------------------------
Finished Renaming Generated Instances : Time (s): cpu = 00:00:43 ; elapsed = 00:00:49 . Memory (MB): peak = 2270.766 ; gain = 186.945 ; free physical = 3286 ; free virtual = 6465
---------------------------------------------------------------------------------
---------------------------------------------------------------------------------
Start Rebuilding User Hierarchy
---------------------------------------------------------------------------------
---------------------------------------------------------------------------------
Finished Rebuilding User Hierarchy : Time (s): cpu = 00:00:43 ; elapsed = 00:00:49 . Memory (MB): peak = 2270.766 ; gain = 186.945 ; free physical = 3286 ; free virtual = 6465
---------------------------------------------------------------------------------
---------------------------------------------------------------------------------
Start Renaming Generated Ports
---------------------------------------------------------------------------------
---------------------------------------------------------------------------------
Finished Renaming Generated Ports : Time (s): cpu = 00:00:43 ; elapsed = 00:00:49 . Memory (MB): peak = 2270.766 ; gain = 186.945 ; free physical = 3286 ; free virtual = 6465
---------------------------------------------------------------------------------
---------------------------------------------------------------------------------
Start Handling Custom Attributes
---------------------------------------------------------------------------------
---------------------------------------------------------------------------------
Finished Handling Custom Attributes : Time (s): cpu = 00:00:43 ; elapsed = 00:00:49 . Memory (MB): peak = 2270.766 ; gain = 186.945 ; free physical = 3286 ; free virtual = 6465
---------------------------------------------------------------------------------
---------------------------------------------------------------------------------
Start Renaming Generated Nets
---------------------------------------------------------------------------------
---------------------------------------------------------------------------------
Finished Renaming Generated Nets : Time (s): cpu = 00:00:43 ; elapsed = 00:00:49 . Memory (MB): peak = 2270.766 ; gain = 186.945 ; free physical = 3286 ; free virtual = 6465
---------------------------------------------------------------------------------
---------------------------------------------------------------------------------
Start Writing Synthesis Report
---------------------------------------------------------------------------------

Report BlackBoxes: 
+-+--------------+----------+
| |BlackBox name |Instances |
+-+--------------+----------+
+-+--------------+----------+

Report Cell Usage: 
+------+------+------+
|      |Cell  |Count |
+------+------+------+
|1     |BIBUF |   130|
|2     |BUFG  |     4|
|3     |LUT1  |    72|
|4     |PS7   |     1|
+------+------+------+
---------------------------------------------------------------------------------
Finished Writing Synthesis Report : Time (s): cpu = 00:00:43 ; elapsed = 00:00:49 . Memory (MB): peak = 2270.766 ; gain = 186.945 ; free physical = 3286 ; free virtual = 6465
---------------------------------------------------------------------------------
Synthesis finished with 0 errors, 0 critical warnings and 0 warnings.
Synthesis Optimization Runtime : Time (s): cpu = 00:00:37 ; elapsed = 00:00:43 . Memory (MB): peak = 2270.766 ; gain = 122.977 ; free physical = 3317 ; free virtual = 6496
Synthesis Optimization Complete : Time (s): cpu = 00:00:43 ; elapsed = 00:00:49 . Memory (MB): peak = 2270.773 ; gain = 186.945 ; free physical = 3317 ; free virtual = 6496
INFO: [Project 1-571] Translating synthesized netlist
Netlist sorting complete. Time (s): cpu = 00:00:00.03 ; elapsed = 00:00:00.02 . Memory (MB): peak = 2270.773 ; gain = 0.000 ; free physical = 3396 ; free virtual = 6575
INFO: [Project 1-570] Preparing netlist for logic optimization
INFO: [Opt 31-138] Pushed 0 inverter(s) to 0 load pin(s).
Netlist sorting complete. Time (s): cpu = 00:00:00 ; elapsed = 00:00:00 . Memory (MB): peak = 2281.672 ; gain = 0.000 ; free physical = 3326 ; free virtual = 6505
INFO: [Project 1-111] Unisim Transformation Summary:
No Unisim elements were transformed.

INFO: [Common 17-83] Releasing license: Synthesis
23 Infos, 14 Warnings, 0 Critical Warnings and 0 Errors encountered.
synth_design completed successfully
synth_design: Time (s): cpu = 00:01:01 ; elapsed = 00:01:01 . Memory (MB): peak = 2281.672 ; gain = 197.914 ; free physical = 3505 ; free virtual = 6684
INFO: [Common 17-1381] The checkpoint '/home/atomichan/workspaces/RedPitaya-FPGA/prj/logic/project/redpitaya.runs/system_processing_system7_0_synth_1/system_processing_system7_0.dcp' has been generated.
WARNING: [Common 17-576] 'use_project_ipc' is deprecated. This option is deprecated and no longer used.
INFO: [Coretcl 2-1648] Added synthesis output to IP cache for IP system_processing_system7_0, cache-ID = 88cf2423eb7fdc7c
INFO: [Common 17-1381] The checkpoint '/home/atomichan/workspaces/RedPitaya-FPGA/prj/logic/project/redpitaya.runs/system_processing_system7_0_synth_1/system_processing_system7_0.dcp' has been generated.
INFO: [runtcl-4] Executing : report_utilization -file system_processing_system7_0_utilization_synth.rpt -pb system_processing_system7_0_utilization_synth.pb
INFO: [Common 17-206] Exiting Vivado at Wed Mar 19 05:54:53 2025...
